<?xml version="1.0" encoding="UTF-8"?>
<testng-results ignored="0" total="1" passed="1" failed="0" skipped="0">
  <reporter-output>
  </reporter-output>
  <suite started-at="2021-11-12T10:06:35 IST" name="Default suite" finished-at="2021-11-12T10:06:35 IST" duration-ms="116">
    <groups>
    </groups>
    <test started-at="2021-11-12T10:06:35 IST" name="Default test" finished-at="2021-11-12T10:06:35 IST" duration-ms="116">
      <class name="githubpPactice.BranchTC_01Test">
        <test-method signature="branchTest()[pri:0, instance:githubpPactice.BranchTC_01Test@19d481b]" started-at="2021-11-12T10:06:35 IST" name="branchTest" finished-at="2021-11-12T10:06:35 IST" duration-ms="11" status="PASS">
          <reporter-output>
          </reporter-output>
        </test-method> <!-- branchTest -->
      </class> <!-- githubpPactice.BranchTC_01Test -->
    </test> <!-- Default test -->
  </suite> <!-- Default suite -->
</testng-results>
